{
  "timestamp": "2026-01-12T23:30:49.965865",
  "iteration": 1,
  "is_success": false,
  "conductivity": null,
  "conductivity_unit": "S/cm",
  "error_message": "Runtime Error: CIF file not found: C:\\Users\\sjkim\\KOKOA\\runs\\20260112_233007\\Li4.47La3Zr2O12.cif\nTraceback (most recent call last):\n  File \"C:\\Users\\sjkim\\KOKOA\\runs\\20260112_233007\\simulation\\001.py\", line 34, in <module>\n    raise FileNotFoundError(f\"CIF file not found: {cif_path}\")\nFileNotFoundError: CIF file not found: C:\\Users\\sjkim\\KOKOA\\runs\\20260112_233007\\Li4.47La3Zr2O12.cif\n",
  "execution_log": "[STDOUT]\n\n[STDERR]\nRuntime Error: CIF file not found: C:\\Users\\sjkim\\KOKOA\\runs\\20260112_233007\\Li4.47La3Zr2O12.cif\nTraceback (most recent call last):\n  File \"C:\\Users\\sjkim\\KOKOA\\runs\\20260112_233007\\simulation\\001.py\", line 34, in <module>\n    raise FileNotFoundError(f\"CIF file not found: {cif_path}\")\nFileNotFoundError: CIF file not found: C:\\Users\\sjkim\\KOKOA\\runs\\20260112_233007\\Li4.47La3Zr2O12.cif\n",
  "image_path": null
}