{
  "timestamp": "2026-01-13T11:00:41.407514",
  "iteration": 6,
  "is_success": false,
  "conductivity": null,
  "conductivity_unit": "S/cm",
  "error_message": "C:\\Users\\owner\\anaconda3\\envs\\kokoa\\Lib\\site-packages\\numpy\\_core\\fromnumeric.py:3824: RuntimeWarning: Mean of empty slice\n  return _methods._mean(a, axis=axis, dtype=dtype,\nC:\\Users\\owner\\anaconda3\\envs\\kokoa\\Lib\\site-packages\\numpy\\_core\\_methods.py:142: RuntimeWarning: invalid value encountered in scalar divide\n  ret = ret.dtype.type(ret / rcount)\nRuntime Error: 'cp949' codec can't encode character '\\xc5' in position 48: illegal multibyte sequence\nTraceback (most recent call last):\n  File \"C:\\Users\\sjkim\\KOKOA\\runs\\20260113_105531\\simulation\\006.py\", line 179, in <module>\n    final_msd, final_sigma = sim.calculate_properties()\n                             ^^^^^^^^^^^^^^^^^^^^^^^^^^\n  File \"C:\\Users\\sjkim\\KOKOA\\runs\\20260113_105531\\simulation\\006.py\", line 165, in calculate_properties\n    print(f\"Step {self.step:6d} | Time {self.time*1e9:8.3f} ns | \"\nUnicodeEncodeError: 'cp949' codec can't encode character '\\xc5' in position 48: illegal multibyte sequence\n",
  "execution_log": "[STDOUT]\n\n[STDERR]\nC:\\Users\\owner\\anaconda3\\envs\\kokoa\\Lib\\site-packages\\numpy\\_core\\fromnumeric.py:3824: RuntimeWarning: Mean of empty slice\n  return _methods._mean(a, axis=axis, dtype=dtype,\nC:\\Users\\owner\\anaconda3\\envs\\kokoa\\Lib\\site-packages\\numpy\\_core\\_methods.py:142: RuntimeWarning: invalid value encountered in scalar divide\n  ret = ret.dtype.type(ret / rcount)\nRuntime Error: 'cp949' codec can't encode character '\\xc5' in position 48: illegal multibyte sequence\nTraceback (most recent call last):\n  File \"C:\\Users\\sjkim\\KOKOA\\runs\\20260113_105531\\simulation\\006.py\", line 179, in <module>\n    final_msd, final_sigma = sim.calculate_properties()\n                             ^^^^^^^^^^^^^^^^^^^^^^^^^^\n  File \"C:\\Users\\sjkim\\KOKOA\\runs\\20260113_105531\\simulation\\006.py\", line 165, in calculate_properties\n    print(f\"Step {self.step:6d} | Time {self.time*1e9:8.3f} ns | \"\nUnicodeEncodeError: 'cp949' codec can't encode character '\\xc5' in position 48: illegal multibyte sequence\n",
  "image_path": null
}