{
  "timestamp": "2026-01-12T22:58:16.045073",
  "iteration": 2,
  "is_success": false,
  "conductivity": null,
  "conductivity_unit": "S/cm",
  "error_message": "Runtime Error: CIF file not found: ./Li4.47La3Zr2O12.cif\nTraceback (most recent call last):\n  File \"C:\\Users\\sjkim\\KOKOA\\runs\\20260112_225707\\simulation\\002.py\", line 27, in <module>\n    raise FileNotFoundError(f\"CIF file not found: {cif_path}\")\nFileNotFoundError: CIF file not found: ./Li4.47La3Zr2O12.cif\n",
  "execution_log": "[STDOUT]\n\n[STDERR]\nRuntime Error: CIF file not found: ./Li4.47La3Zr2O12.cif\nTraceback (most recent call last):\n  File \"C:\\Users\\sjkim\\KOKOA\\runs\\20260112_225707\\simulation\\002.py\", line 27, in <module>\n    raise FileNotFoundError(f\"CIF file not found: {cif_path}\")\nFileNotFoundError: CIF file not found: ./Li4.47La3Zr2O12.cif\n",
  "image_path": null
}